[debug] [2024-05-13T00:37:43.951Z] ----------------------------------------------------------------------
[debug] [2024-05-13T00:37:43.954Z] Command:       C:\Program Files\nodejs\node.exe C:\Program Files\nodejs\node_modules\firebase-tools\lib\bin\firebase.js init
[debug] [2024-05-13T00:37:43.954Z] CLI Version:   13.8.3
[debug] [2024-05-13T00:37:43.954Z] Platform:      win32
[debug] [2024-05-13T00:37:43.955Z] Node Version:  v21.6.2
[debug] [2024-05-13T00:37:43.955Z] Time:          Sun May 12 2024 20:37:43 GMT-0400 (Eastern Daylight Time)
[debug] [2024-05-13T00:37:43.955Z] ----------------------------------------------------------------------
[debug] 
[debug] [2024-05-13T00:37:43.965Z] > command requires scopes: ["email","openid","https://www.googleapis.com/auth/cloudplatformprojects.readonly","https://www.googleapis.com/auth/firebase","https://www.googleapis.com/auth/cloud-platform"]
[debug] [2024-05-13T00:37:43.965Z] > authorizing via signed-in user (gbarn36@gmail.com)
[info] 
     ######## #### ########  ######## ########     ###     ######  ########
     ##        ##  ##     ## ##       ##     ##  ##   ##  ##       ##
     ######    ##  ########  ######   ########  #########  ######  ######
     ##        ##  ##    ##  ##       ##     ## ##     ##       ## ##
     ##       #### ##     ## ######## ########  ##     ##  ######  ########

You're about to initialize a Firebase project in this directory:

  C:\Users\17243\vsCode\candle-website\candlewebsite

[info] 
=== Project Setup
[info] 
[info] First, let's associate this project directory with a Firebase project.
[info] You can create multiple project aliases by running firebase use --add, 
[info] but for now we'll just set up a default project.
[info] 
[debug] [2024-05-13T00:37:51.721Z] >>> [apiv2][query] GET https://firebase.googleapis.com/v1beta1/projects pageSize=100
[debug] [2024-05-13T00:37:52.206Z] <<< [apiv2][status] GET https://firebase.googleapis.com/v1beta1/projects 200
[debug] [2024-05-13T00:37:52.206Z] <<< [apiv2][body] GET https://firebase.googleapis.com/v1beta1/projects [omitted]
[info] i  Using project crimson-witch-crafts (Crimson Witch Crafts) 
[info] 
=== Hosting Setup
[debug] [2024-05-13T00:37:56.362Z] >>> [apiv2][query] GET https://firebase.googleapis.com/v1beta1/projects/crimson-witch-crafts [none]
[debug] [2024-05-13T00:37:56.683Z] <<< [apiv2][status] GET https://firebase.googleapis.com/v1beta1/projects/crimson-witch-crafts 200
[debug] [2024-05-13T00:37:56.684Z] <<< [apiv2][body] GET https://firebase.googleapis.com/v1beta1/projects/crimson-witch-crafts {"projectId":"crimson-witch-crafts","projectNumber":"769917033117","displayName":"Crimson Witch Crafts","name":"projects/crimson-witch-crafts","resources":{"hostingSite":"crimson-witch-crafts"},"state":"ACTIVE","etag":"1_9b8412af-1e63-4997-ab01-f7212e9977aa"}
[info] 
[info] Your public directory is the folder (relative to your project directory) that
[info] will contain Hosting assets to be uploaded with firebase deploy. If you
[info] have a build process for your assets, use your build's output directory.
[info] 
